<?xml version="1.0" encoding="UTF-8"?>
<!-- Generated by org.testng.reporters.JUnitReportReporter -->
<testsuite skipped="0" hostname="DESKTOP-UU92JPR" name="Day_11Before_After.Example_Annotations2" tests="2" failures="0" timestamp="2022-04-29T14:48:30 IST" time="0.036" errors="0">
  <testcase name="verifyLogin" time="0.017" classname="Day_11Before_After.Example_Annotations2"/>
  <system-out/>
  <testcase name="createTask" time="0.019" classname="Day_11Before_After.Example_Annotations2"/>
  <system-out/>
</testsuite> <!-- Day_11Before_After.Example_Annotations2 -->
