<?xml version="1.0" encoding="UTF-8"?>
<!-- Generated by org.testng.reporters.JUnitReportReporter -->
<testsuite skipped="0" hostname="DESKTOP-UU92JPR" name="Day_11Before_After.Example_Annotations3" tests="2" failures="0" timestamp="2022-04-29T14:41:12 IST" time="0.029" errors="0">
  <testcase name="verifyLogin" time="0.022" classname="Day_11Before_After.Example_Annotations3"/>
  <system-out/>
  <testcase name="createTask" time="0.007" classname="Day_11Before_After.Example_Annotations3"/>
  <system-out/>
</testsuite> <!-- Day_11Before_After.Example_Annotations3 -->
