<?xml version="1.0" encoding="UTF-8"?>
<!-- Generated by org.testng.reporters.JUnitReportReporter -->
<testsuite skipped="0" hostname="DESKTOP-UU92JPR" name="Day_11Before_After.Example_Annotations1" tests="2" failures="0" timestamp="2022-04-29T14:50:28 IST" time="0.022" errors="0">
  <testcase name="verifyLogin" time="0.018" classname="Day_11Before_After.Example_Annotations1"/>
  <system-out/>
  <testcase name="createTask" time="0.004" classname="Day_11Before_After.Example_Annotations1"/>
  <system-out/>
</testsuite> <!-- Day_11Before_After.Example_Annotations1 -->
