<?xml version="1.0" encoding="UTF-8"?>
<!-- Generated by org.testng.reporters.JUnitReportReporter -->
<testsuite skipped="0" hostname="DESKTOP-UU92JPR" name="Day_11Parameter_Ex.Example_Param5" tests="3" failures="0" timestamp="2022-04-29T15:07:21 IST" time="0.030" errors="0">
  <testcase name="login" time="0.003" classname="Day_11Parameter_Ex.Example_Param5"/>
  <system-out/>
  <testcase name="checkNotification" time="0.003" classname="Day_11Parameter_Ex.Example_Param5"/>
  <system-out/>
  <testcase name="signIn" time="0.024" classname="Day_11Parameter_Ex.Example_Param5"/>
  <system-out/>
</testsuite> <!-- Day_11Parameter_Ex.Example_Param5 -->
