<?xml version="1.0" encoding="UTF-8"?>
<!-- Generated by org.testng.reporters.JUnitReportReporter -->
<testsuite skipped="0" hostname="DESKTOP-UU92JPR" name="Day_11Samples.Example7" tests="1" failures="0" timestamp="2022-04-29T08:05:22 IST" time="85.446" errors="0">
  <testcase name="LogIn_LogOut_inActitime" time="85.446" classname="Day_11Samples.Example7"/>
  <system-out/>
</testsuite> <!-- Day_11Samples.Example7 -->
