<?xml version="1.0" encoding="UTF-8"?>
<!-- Generated by org.testng.reporters.JUnitReportReporter -->
<testsuite skipped="0" hostname="DESKTOP-UU92JPR" name="Day_11Parameter_Ex.Example_Param1" tests="10" failures="0" timestamp="2022-04-29T14:58:04 IST" time="0.055" errors="0">
  <testcase name="param1" time="0.003" classname="Day_11Parameter_Ex.Example_Param1"/>
  <system-out/>
  <testcase name="param1" time="0.003" classname="Day_11Parameter_Ex.Example_Param1"/>
  <system-out/>
  <testcase name="param1" time="0.003" classname="Day_11Parameter_Ex.Example_Param1"/>
  <system-out/>
  <testcase name="param1" time="0.003" classname="Day_11Parameter_Ex.Example_Param1"/>
  <system-out/>
  <testcase name="param1" time="0.003" classname="Day_11Parameter_Ex.Example_Param1"/>
  <system-out/>
  <testcase name="param1" time="0.004" classname="Day_11Parameter_Ex.Example_Param1"/>
  <system-out/>
  <testcase name="param1" time="0.004" classname="Day_11Parameter_Ex.Example_Param1"/>
  <system-out/>
  <testcase name="param1" time="0.003" classname="Day_11Parameter_Ex.Example_Param1"/>
  <system-out/>
  <testcase name="param1" time="0.026" classname="Day_11Parameter_Ex.Example_Param1"/>
  <system-out/>
  <testcase name="param1" time="0.003" classname="Day_11Parameter_Ex.Example_Param1"/>
  <system-out/>
</testsuite> <!-- Day_11Parameter_Ex.Example_Param1 -->
