<?xml version="1.0" encoding="UTF-8"?>
<!-- Generated by org.testng.reporters.JUnitReportReporter -->
<testsuite skipped="0" hostname="DESKTOP-UU92JPR" name="Day_11Samples.Example1" tests="2" failures="0" timestamp="2022-04-29T07:41:58 IST" time="0.027" errors="0">
  <testcase name="testCase8" time="0.004" classname="Day_11Samples.Example1"/>
  <system-out/>
  <testcase name="testCase7" time="0.023" classname="Day_11Samples.Example1"/>
  <system-out/>
</testsuite> <!-- Day_11Samples.Example1 -->
