<?xml version="1.0" encoding="UTF-8"?>
<!-- Generated by org.testng.reporters.JUnitReportReporter -->
<testsuite skipped="0" hostname="DESKTOP-UU92JPR" name="Day_11Samples.Example_Annotations1" tests="2" failures="0" timestamp="2022-04-29T14:36:15 IST" time="0.047" errors="0">
  <testcase name="createTask" time="0.020" classname="Day_11Samples.Example_Annotations1"/>
  <system-out/>
  <testcase name="verifyLogin" time="0.027" classname="Day_11Samples.Example_Annotations1"/>
  <system-out/>
</testsuite> <!-- Day_11Samples.Example_Annotations1 -->
