<?xml version="1.0" encoding="UTF-8"?>
<!-- Generated by org.testng.reporters.JUnitReportReporter -->
<testsuite skipped="1" hostname="DESKTOP-UU92JPR" name="Day_11Parameter_Ex.Example_Param3" tests="3" failures="0" timestamp="2022-04-29T14:55:47 IST" time="0.028" errors="0">
  <testcase name="param3" time="0.005" classname="Day_11Parameter_Ex.Example_Param3"/>
  <system-out/>
  <testcase name="param1" time="0.023" classname="Day_11Parameter_Ex.Example_Param3"/>
  <system-out/>
  <testcase name="param2" classname="Day_11Parameter_Ex.Example_Param3">
    <skipped/>
  </testcase> <!-- param2 -->
  <system-out/>
</testsuite> <!-- Day_11Parameter_Ex.Example_Param3 -->
