<?xml version="1.0" encoding="UTF-8"?>
<!-- Generated by org.testng.reporters.JUnitReportReporter -->
<testsuite skipped="0" hostname="DESKTOP-UU92JPR" name="Day_11Parameter_Ex.Example_Param2" tests="3" failures="0" timestamp="2022-04-29T14:59:08 IST" time="0.032" errors="0">
  <testcase name="login" time="0.023" classname="Day_11Parameter_Ex.Example_Param2"/>
  <system-out/>
  <testcase name="sendEmail" time="0.003" classname="Day_11Parameter_Ex.Example_Param2"/>
  <system-out/>
  <testcase name="logout" time="0.006" classname="Day_11Parameter_Ex.Example_Param2"/>
  <system-out/>
</testsuite> <!-- Day_11Parameter_Ex.Example_Param2 -->
