<?xml version="1.0" encoding="UTF-8"?>
<!-- Generated by org.testng.reporters.JUnitReportReporter -->
<testsuite skipped="0" hostname="DESKTOP-UU92JPR" name="Day_11Samples.Example" tests="2" failures="0" timestamp="2022-04-29T07:36:51 IST" time="0.029" errors="0">
  <testcase name="testcase7" time="0.004" classname="Day_11Samples.Example"/>
  <system-out/>
  <testcase name="testCase6" time="0.025" classname="Day_11Samples.Example"/>
  <system-out/>
</testsuite> <!-- Day_11Samples.Example -->
